mode: set
miniproject/controller/base/base_response.go:29.54,35.2 1 0
miniproject/controller/base/base_response.go:37.53,42.2 1 0
miniproject/controller/base/base_response.go:44.81,50.2 1 0
miniproject/controller/auth/response/login_response.go:12.52,19.2 1 0
miniproject/controller/auth/response/register_response.go:11.64,17.2 1 0
miniproject/controller/auth/auth_controller.go:13.63,17.2 1 0
miniproject/controller/auth/auth_controller.go:23.76,27.16 4 0
miniproject/controller/auth/auth_controller.go:27.16,29.3 1 0
miniproject/controller/auth/auth_controller.go:30.2,30.61 1 0
miniproject/controller/auth/auth_controller.go:33.79,37.16 4 0
miniproject/controller/auth/auth_controller.go:37.16,39.3 1 0
miniproject/controller/auth/auth_controller.go:40.2,41.69 2 0
miniproject/main.go:25.13,58.2 20 0
miniproject/main.go:60.16,62.16 2 0
miniproject/main.go:62.16,64.27 2 0
miniproject/controller/auth/request/login_request.go:10.61,15.2 1 0
miniproject/controller/auth/request/register_request.go:12.67,19.2 1 0
miniproject/config/config.go:19.42,35.16 4 0
miniproject/config/config.go:35.16,36.38 1 0
miniproject/config/config.go:38.2,38.16 1 0
miniproject/config/migration.go:9.29,11.2 1 0
miniproject/controller/plant/response/plant_response.go:47.75,67.2 1 0
miniproject/controller/plant/response/plant_response.go:69.54,75.2 1 0
miniproject/controller/plant/response/plant_response.go:77.95,79.34 2 0
miniproject/controller/plant/response/plant_response.go:79.34,82.30 2 0
miniproject/controller/plant/response/plant_response.go:82.30,83.28 1 0
miniproject/controller/plant/response/plant_response.go:83.28,89.10 2 0
miniproject/controller/plant/response/plant_response.go:93.3,101.5 1 0
miniproject/controller/plant/response/plant_response.go:103.2,103.23 1 0
miniproject/controller/plant/response/plant_response.go:106.80,114.2 2 0
miniproject/controller/plant_condition/response/plant_response.go:54.74,63.2 1 0
miniproject/controller/plant_condition/response/plant_response.go:65.112,67.38 2 0
miniproject/controller/plant_condition/response/plant_response.go:67.38,91.3 3 0
miniproject/controller/plant_condition/response/plant_response.go:92.2,92.19 1 0
miniproject/controller/plant_condition/response/plant_response.go:95.106,118.2 2 0
miniproject/controller/plant_condition/response/plant_response.go:120.87,126.2 1 0
miniproject/repo/plant/plant_repo.go:9.43,13.2 1 0
miniproject/repo/plant/plant_repo.go:19.76,26.25 3 0
miniproject/repo/plant/plant_repo.go:26.25,28.3 1 0
miniproject/repo/plant/plant_repo.go:29.2,29.20 1 0
miniproject/repo/plant/plant_repo.go:32.86,34.2 1 0
miniproject/repo/plant/plant_repo.go:36.86,39.25 3 0
miniproject/repo/plant/plant_repo.go:39.25,41.3 1 0
miniproject/repo/plant/plant_repo.go:42.2,42.34 1 0
miniproject/repo/plant/plant_repo.go:45.86,48.25 3 0
miniproject/repo/plant/plant_repo.go:48.25,50.3 1 0
miniproject/repo/plant/plant_repo.go:51.2,51.34 1 0
miniproject/repo/plant/plant_repo.go:54.86,57.25 3 0
miniproject/repo/plant/plant_repo.go:57.25,59.3 1 0
miniproject/repo/plant/plant_repo.go:60.2,60.34 1 0
miniproject/repo/plant/plant_repo.go:63.83,66.22 3 0
miniproject/repo/plant/plant_repo.go:66.22,68.3 1 0
miniproject/repo/plant/plant_repo.go:69.2,69.21 1 0
miniproject/repo/plant/plant_repo.go:72.77,75.16 3 0
miniproject/repo/plant/plant_repo.go:75.16,77.3 1 0
miniproject/repo/plant/plant_repo.go:78.2,78.20 1 0
miniproject/repo/plant/record.go:15.48,23.2 1 0
miniproject/repo/plant/record.go:25.48,33.2 1 0
miniproject/controller/plant/request/plant_request.go:13.48,21.2 1 0
miniproject/controller/plant/request/plant_request.go:23.47,31.2 1 0
miniproject/controller/plant/plant_controller.go:15.90,20.2 1 0
miniproject/controller/plant/plant_controller.go:27.77,32.16 3 0
miniproject/controller/plant/plant_controller.go:32.16,34.3 1 0
miniproject/controller/plant/plant_controller.go:37.2,38.16 2 0
miniproject/controller/plant/plant_controller.go:38.16,40.3 1 0
miniproject/controller/plant/plant_controller.go:43.2,46.55 2 0
miniproject/controller/plant/plant_controller.go:49.81,52.16 3 0
miniproject/controller/plant/plant_controller.go:52.16,54.3 1 0
miniproject/controller/plant/plant_controller.go:57.2,58.16 2 0
miniproject/controller/plant/plant_controller.go:58.16,60.3 1 0
miniproject/controller/plant/plant_controller.go:63.2,64.16 2 0
miniproject/controller/plant/plant_controller.go:64.16,66.3 1 0
miniproject/controller/plant/plant_controller.go:68.2,71.47 2 0
miniproject/controller/plant/plant_controller.go:74.79,78.39 3 0
miniproject/controller/plant/plant_controller.go:78.39,80.3 1 0
miniproject/controller/plant/plant_controller.go:83.2,87.16 3 0
miniproject/controller/plant/plant_controller.go:87.16,89.3 1 0
miniproject/controller/plant/plant_controller.go:92.2,93.16 2 0
miniproject/controller/plant/plant_controller.go:93.16,95.3 1 0
miniproject/controller/plant/plant_controller.go:98.2,101.47 2 0
miniproject/controller/plant/plant_controller.go:104.79,106.16 2 0
miniproject/controller/plant/plant_controller.go:106.16,108.3 1 0
miniproject/controller/plant/plant_controller.go:110.2,114.16 3 0
miniproject/controller/plant/plant_controller.go:114.16,116.3 1 0
miniproject/controller/plant/plant_controller.go:119.2,121.16 3 0
miniproject/controller/plant/plant_controller.go:121.16,123.3 1 0
miniproject/controller/plant/plant_controller.go:126.2,127.16 2 0
miniproject/controller/plant/plant_controller.go:127.16,129.3 1 0
miniproject/controller/plant/plant_controller.go:132.2,133.16 2 0
miniproject/controller/plant/plant_controller.go:133.16,135.3 1 0
miniproject/controller/plant/plant_controller.go:138.2,141.47 2 0
miniproject/controller/plant/plant_controller.go:144.79,146.16 2 0
miniproject/controller/plant/plant_controller.go:146.16,148.3 1 0
miniproject/controller/plant/plant_controller.go:150.2,154.16 3 0
miniproject/controller/plant/plant_controller.go:154.16,156.3 1 0
miniproject/controller/plant/plant_controller.go:159.2,160.16 2 0
miniproject/controller/plant/plant_controller.go:160.16,162.3 1 0
miniproject/controller/plant/plant_controller.go:165.2,166.16 2 0
miniproject/controller/plant/plant_controller.go:166.16,168.3 1 0
miniproject/controller/plant/plant_controller.go:171.2,172.16 2 0
miniproject/controller/plant/plant_controller.go:172.16,174.3 1 0
miniproject/controller/plant/plant_controller.go:177.2,180.47 2 0
miniproject/controller/plant_condition/plant_condition_controller.go:14.91,18.2 1 0
miniproject/controller/plant_condition/plant_condition_controller.go:24.95,26.9 2 0
miniproject/controller/plant_condition/plant_condition_controller.go:26.9,28.3 1 0
miniproject/controller/plant_condition/plant_condition_controller.go:31.2,32.16 2 0
miniproject/controller/plant_condition/plant_condition_controller.go:32.16,34.3 1 0
miniproject/controller/plant_condition/plant_condition_controller.go:43.2,44.38 2 0
miniproject/controller/plant_condition/plant_condition_controller.go:44.38,67.3 1 0
miniproject/controller/plant_condition/plant_condition_controller.go:69.2,71.4 1 0
miniproject/controller/plant_condition/plant_condition_controller.go:74.99,77.9 2 0
miniproject/controller/plant_condition/plant_condition_controller.go:77.9,79.3 1 0
miniproject/controller/plant_condition/plant_condition_controller.go:82.2,83.16 2 0
miniproject/controller/plant_condition/plant_condition_controller.go:83.16,85.3 1 0
miniproject/controller/plant_condition/plant_condition_controller.go:89.2,90.16 2 0
miniproject/controller/plant_condition/plant_condition_controller.go:90.16,92.3 1 0
miniproject/controller/plant_condition/plant_condition_controller.go:95.2,96.16 2 0
miniproject/controller/plant_condition/plant_condition_controller.go:96.16,98.3 1 0
miniproject/controller/plant_condition/plant_condition_controller.go:101.2,103.64 2 0
miniproject/controller/plant_condition/plant_condition_controller.go:106.97,108.59 1 0
miniproject/controller/plant_condition/plant_condition_controller.go:108.59,110.3 1 0
miniproject/controller/plant_condition/plant_condition_controller.go:112.2,113.43 2 0
miniproject/controller/plant_condition/plant_condition_controller.go:113.43,115.3 1 0
miniproject/controller/plant_condition/plant_condition_controller.go:117.2,118.9 2 0
miniproject/controller/plant_condition/plant_condition_controller.go:118.9,120.3 1 0
miniproject/controller/plant_condition/plant_condition_controller.go:123.2,124.16 2 0
miniproject/controller/plant_condition/plant_condition_controller.go:124.16,126.3 1 0
miniproject/controller/plant_condition/plant_condition_controller.go:129.2,130.16 2 0
miniproject/controller/plant_condition/plant_condition_controller.go:130.16,132.3 1 0
miniproject/controller/plant_condition/plant_condition_controller.go:135.2,136.16 2 0
miniproject/controller/plant_condition/plant_condition_controller.go:136.16,138.3 1 0
miniproject/controller/plant_condition/plant_condition_controller.go:141.2,144.64 2 0
miniproject/controller/plant_condition/plant_condition_controller.go:147.97,149.9 2 0
miniproject/controller/plant_condition/plant_condition_controller.go:149.9,151.3 1 0
miniproject/controller/plant_condition/plant_condition_controller.go:153.2,154.16 2 0
miniproject/controller/plant_condition/plant_condition_controller.go:154.16,156.3 1 0
miniproject/controller/plant_condition/plant_condition_controller.go:158.2,160.16 3 0
miniproject/controller/plant_condition/plant_condition_controller.go:160.16,162.3 1 0
miniproject/controller/plant_condition/plant_condition_controller.go:165.2,166.16 2 0
miniproject/controller/plant_condition/plant_condition_controller.go:166.16,168.3 1 0
miniproject/controller/plant_condition/plant_condition_controller.go:171.2,176.16 4 0
miniproject/controller/plant_condition/plant_condition_controller.go:176.16,178.3 1 0
miniproject/controller/plant_condition/plant_condition_controller.go:181.2,182.16 2 0
miniproject/controller/plant_condition/plant_condition_controller.go:182.16,184.3 1 0
miniproject/controller/plant_condition/plant_condition_controller.go:187.2,190.64 2 0
miniproject/controller/plant_condition/plant_condition_controller.go:193.97,195.9 2 0
miniproject/controller/plant_condition/plant_condition_controller.go:195.9,197.3 1 0
miniproject/controller/plant_condition/plant_condition_controller.go:199.2,200.16 2 0
miniproject/controller/plant_condition/plant_condition_controller.go:200.16,202.3 1 0
miniproject/controller/plant_condition/plant_condition_controller.go:204.2,205.16 2 0
miniproject/controller/plant_condition/plant_condition_controller.go:205.16,207.3 1 0
miniproject/controller/plant_condition/plant_condition_controller.go:210.2,211.16 2 0
miniproject/controller/plant_condition/plant_condition_controller.go:211.16,213.3 1 0
miniproject/controller/plant_condition/plant_condition_controller.go:216.2,217.16 2 0
miniproject/controller/plant_condition/plant_condition_controller.go:217.16,219.3 1 0
miniproject/controller/plant_condition/plant_condition_controller.go:222.2,225.64 2 0
miniproject/middleware/jwt.go:19.64,29.16 4 0
miniproject/middleware/jwt.go:29.16,31.3 1 0
miniproject/middleware/jwt.go:32.2,32.15 1 0
miniproject/middleware/jwt.go:35.74,36.36 1 0
miniproject/middleware/jwt.go:36.36,38.10 2 0
miniproject/middleware/jwt.go:38.10,40.4 1 0
miniproject/middleware/jwt.go:43.3,44.30 2 0
miniproject/middleware/jwt.go:44.30,46.4 1 0
miniproject/middleware/jwt.go:49.3,50.10 2 0
miniproject/middleware/jwt.go:50.10,52.4 1 0
miniproject/middleware/jwt.go:53.3,55.17 2 0
miniproject/controller/suggestion/response/suggestion_response.go:36.127,42.41 2 0
miniproject/controller/suggestion/response/suggestion_response.go:42.41,64.3 3 0
miniproject/controller/suggestion/response/suggestion_response.go:69.2,69.32 1 0
miniproject/controller/suggestion/suggestion_controller.go:22.145,27.2 1 0
miniproject/controller/suggestion/suggestion_controller.go:34.85,37.16 2 0
miniproject/controller/suggestion/suggestion_controller.go:37.16,39.3 1 0
miniproject/controller/suggestion/suggestion_controller.go:42.2,43.16 2 0
miniproject/controller/suggestion/suggestion_controller.go:43.16,45.3 1 0
miniproject/controller/suggestion/suggestion_controller.go:48.2,49.27 2 0
miniproject/controller/suggestion/suggestion_controller.go:49.27,51.3 1 0
miniproject/controller/suggestion/suggestion_controller.go:54.2,57.16 4 0
miniproject/controller/suggestion/suggestion_controller.go:57.16,59.3 1 0
miniproject/controller/suggestion/suggestion_controller.go:60.2,79.16 7 0
miniproject/controller/suggestion/suggestion_controller.go:79.16,81.3 1 0
miniproject/controller/suggestion/suggestion_controller.go:84.2,90.16 3 0
miniproject/controller/suggestion/suggestion_controller.go:90.16,92.3 1 0
miniproject/controller/suggestion/suggestion_controller.go:95.2,96.16 2 0
miniproject/controller/suggestion/suggestion_controller.go:96.16,98.3 1 0
miniproject/controller/suggestion/suggestion_controller.go:101.2,102.16 2 0
miniproject/controller/suggestion/suggestion_controller.go:102.16,104.3 1 0
miniproject/controller/suggestion/suggestion_controller.go:107.2,126.72 2 0
miniproject/controller/suggestion/suggestion_controller.go:129.97,131.9 2 0
miniproject/controller/suggestion/suggestion_controller.go:131.9,133.3 1 0
miniproject/controller/suggestion/suggestion_controller.go:136.2,137.16 2 0
miniproject/controller/suggestion/suggestion_controller.go:137.16,139.3 1 0
miniproject/controller/suggestion/suggestion_controller.go:145.2,147.16 3 0
miniproject/controller/suggestion/suggestion_controller.go:147.16,150.3 2 0
miniproject/controller/suggestion/suggestion_controller.go:153.2,154.31 2 0
miniproject/controller/suggestion/suggestion_controller.go:154.31,156.3 1 0
miniproject/controller/suggestion/suggestion_controller.go:159.2,164.76 2 0
miniproject/helper/get_id.go:9.48,11.16 2 0
miniproject/helper/get_id.go:11.16,13.3 1 0
miniproject/helper/get_id.go:14.2,14.16 1 0
miniproject/helper/get_id.go:17.53,19.16 2 0
miniproject/helper/get_id.go:19.16,21.3 1 0
miniproject/helper/get_id.go:22.2,22.16 1 0
miniproject/helper/response_code_helper.go:8.44,9.13 1 0
miniproject/helper/response_code_helper.go:10.32,11.31 1 0
miniproject/helper/response_code_helper.go:12.31,13.31 1 0
miniproject/helper/response_code_helper.go:14.34,15.31 1 0
miniproject/helper/response_code_helper.go:17.2,17.39 1 0
miniproject/repo/auth/auth_repo.go:9.41,13.2 1 0
miniproject/repo/auth/auth_repo.go:19.75,22.25 3 0
miniproject/repo/auth/auth_repo.go:22.25,24.3 1 0
miniproject/repo/auth/auth_repo.go:25.2,25.33 1 0
miniproject/repo/auth/auth_repo.go:28.78,31.25 3 0
miniproject/repo/auth/auth_repo.go:31.25,33.3 1 0
miniproject/repo/auth/auth_repo.go:34.2,34.33 1 0
miniproject/repo/auth/auth_repo.go:37.83,38.78 1 0
miniproject/repo/auth/auth_repo.go:38.78,40.3 1 0
miniproject/repo/auth/auth_repo.go:41.2,41.12 1 0
miniproject/repo/auth/auth_repo.go:44.71,47.16 3 0
miniproject/repo/auth/auth_repo.go:47.16,49.3 1 0
miniproject/repo/auth/auth_repo.go:50.2,50.18 1 0
miniproject/repo/auth/record.go:14.45,21.2 1 0
miniproject/repo/auth/record.go:23.45,30.2 1 0
miniproject/repo/auth/record.go:32.55,38.2 1 0
miniproject/controller/plant_condition/request/plant_request.go:17.75,27.2 1 0
miniproject/repo/suggestion/care_suggestion_repo.go:10.73,13.2 1 0
miniproject/repo/suggestion/care_suggestion_repo.go:19.95,20.58 1 0
miniproject/repo/suggestion/care_suggestion_repo.go:20.58,22.3 1 0
miniproject/repo/suggestion/care_suggestion_repo.go:23.2,23.12 1 0
miniproject/repo/suggestion/care_suggestion_repo.go:26.82,29.16 3 0
miniproject/repo/suggestion/care_suggestion_repo.go:29.16,31.3 1 0
miniproject/repo/suggestion/care_suggestion_repo.go:32.2,32.18 1 0
miniproject/repo/suggestion/care_suggestion_repo.go:35.100,45.25 3 0
miniproject/repo/suggestion/care_suggestion_repo.go:45.25,47.3 1 0
miniproject/repo/suggestion/care_suggestion_repo.go:49.2,49.25 1 0
miniproject/repo/suggestion/care_suggestion_repo.go:52.77,55.16 2 0
miniproject/repo/suggestion/care_suggestion_repo.go:55.16,57.3 1 0
miniproject/repo/suggestion/care_suggestion_repo.go:58.2,58.12 1 0
miniproject/repo/suggestion/care_suggestion_repo.go:61.85,67.16 3 0
miniproject/repo/suggestion/care_suggestion_repo.go:67.16,70.3 1 0
miniproject/repo/suggestion/care_suggestion_repo.go:73.2,73.19 1 0
miniproject/repo/suggestion/record.go:13.74,19.2 1 0
miniproject/repo/suggestion/record.go:21.75,27.2 1 0
miniproject/repo/plant_condition/plant_condition_repo.go:10.61,14.2 1 0
miniproject/repo/plant_condition/plant_condition_repo.go:20.107,24.25 3 0
miniproject/repo/plant_condition/plant_condition_repo.go:24.25,26.3 1 0
miniproject/repo/plant_condition/plant_condition_repo.go:29.2,29.39 1 0
miniproject/repo/plant_condition/plant_condition_repo.go:29.39,31.118 2 0
miniproject/repo/plant_condition/plant_condition_repo.go:31.118,33.4 1 0
miniproject/repo/plant_condition/plant_condition_repo.go:34.3,34.30 1 0
miniproject/repo/plant_condition/plant_condition_repo.go:37.2,37.24 1 0
miniproject/repo/plant_condition/plant_condition_repo.go:40.122,48.25 3 0
miniproject/repo/plant_condition/plant_condition_repo.go:48.25,50.3 1 0
miniproject/repo/plant_condition/plant_condition_repo.go:51.2,51.23 1 0
miniproject/repo/plant_condition/plant_condition_repo.go:54.130,57.25 3 0
miniproject/repo/plant_condition/plant_condition_repo.go:57.25,59.3 1 0
miniproject/repo/plant_condition/plant_condition_repo.go:61.2,61.34 1 0
miniproject/repo/plant_condition/plant_condition_repo.go:64.130,67.25 3 0
miniproject/repo/plant_condition/plant_condition_repo.go:67.25,69.3 1 0
miniproject/repo/plant_condition/plant_condition_repo.go:70.2,70.34 1 0
miniproject/repo/plant_condition/plant_condition_repo.go:73.99,76.25 3 0
miniproject/repo/plant_condition/plant_condition_repo.go:76.25,78.3 1 0
miniproject/repo/plant_condition/plant_condition_repo.go:79.2,79.12 1 0
miniproject/repo/plant_condition/plant_condition_repo.go:82.98,87.35 2 0
miniproject/repo/plant_condition/plant_condition_repo.go:87.35,88.45 1 0
miniproject/repo/plant_condition/plant_condition_repo.go:88.45,90.4 1 0
miniproject/repo/plant_condition/plant_condition_repo.go:91.3,91.20 1 0
miniproject/repo/plant_condition/plant_condition_repo.go:93.2,93.19 1 0
miniproject/repo/plant_condition/plant_condition_repo.go:96.72,98.101 2 0
miniproject/repo/plant_condition/plant_condition_repo.go:98.101,100.3 1 0
miniproject/repo/plant_condition/plant_condition_repo.go:101.2,101.12 1 0
miniproject/repo/plant_condition/plant_condition_repo.go:104.87,109.39 2 0
miniproject/repo/plant_condition/plant_condition_repo.go:109.39,111.3 1 0
miniproject/repo/plant_condition/plant_condition_repo.go:112.2,112.23 1 0
miniproject/repo/plant_condition/plant_condition_repo.go:115.91,119.16 3 0
miniproject/repo/plant_condition/plant_condition_repo.go:119.16,121.3 1 0
miniproject/repo/plant_condition/plant_condition_repo.go:122.2,122.19 1 0
miniproject/repo/plant_condition/record.go:17.75,27.2 1 0
miniproject/repo/plant_condition/record.go:29.75,39.2 1 0
miniproject/route/route.go:23.51,50.2 22 0
miniproject/service/suggestion/care_suggestion_service.go:9.90,12.2 1 0
miniproject/service/suggestion/care_suggestion_service.go:19.89,21.32 2 0
miniproject/service/suggestion/care_suggestion_service.go:21.32,23.3 1 0
miniproject/service/suggestion/care_suggestion_service.go:26.2,32.56 2 0
miniproject/service/suggestion/care_suggestion_service.go:35.76,37.2 1 0
miniproject/service/suggestion/care_suggestion_service.go:39.94,41.16 2 0
miniproject/service/suggestion/care_suggestion_service.go:41.16,43.3 1 0
miniproject/service/suggestion/care_suggestion_service.go:44.2,44.24 1 0
miniproject/service/suggestion/care_suggestion_service.go:47.74,50.16 2 0
miniproject/service/suggestion/care_suggestion_service.go:50.16,52.3 1 0
miniproject/service/suggestion/care_suggestion_service.go:53.2,53.12 1 0
miniproject/service/suggestion/care_suggestion_service.go:56.82,58.2 1 0
miniproject/service/plant/plant_service.go:8.64,13.2 1 0
miniproject/service/plant/plant_service.go:20.82,22.16 2 0
miniproject/service/plant/plant_service.go:22.16,24.3 1 0
miniproject/service/plant/plant_service.go:25.2,25.19 1 0
miniproject/service/plant/plant_service.go:28.92,30.2 1 0
miniproject/service/plant/plant_service.go:32.92,34.16 2 0
miniproject/service/plant/plant_service.go:34.16,36.3 1 0
miniproject/service/plant/plant_service.go:37.2,37.19 1 0
miniproject/service/plant/plant_service.go:40.92,42.16 2 0
miniproject/service/plant/plant_service.go:42.16,44.3 1 0
miniproject/service/plant/plant_service.go:45.2,45.19 1 0
miniproject/service/plant/plant_service.go:48.92,50.16 2 0
miniproject/service/plant/plant_service.go:50.16,52.3 1 0
miniproject/service/plant/plant_service.go:53.2,53.19 1 0
miniproject/service/plant/plant_service.go:56.89,58.16 2 0
miniproject/service/plant/plant_service.go:58.16,60.3 1 0
miniproject/service/plant/plant_service.go:61.2,61.19 1 0
miniproject/service/plant_condition/plant_Condition_service.go:8.101,12.2 1 0
miniproject/service/plant_condition/plant_Condition_service.go:18.113,21.16 2 0
miniproject/service/plant_condition/plant_Condition_service.go:21.16,23.3 1 0
miniproject/service/plant_condition/plant_Condition_service.go:25.2,25.44 1 0
miniproject/service/plant_condition/plant_Condition_service.go:25.44,28.17 2 0
miniproject/service/plant_condition/plant_Condition_service.go:28.17,30.4 1 0
miniproject/service/plant_condition/plant_Condition_service.go:33.3,34.33 2 0
miniproject/service/plant_condition/plant_Condition_service.go:37.2,37.29 1 0
miniproject/service/plant_condition/plant_Condition_service.go:40.128,42.16 2 0
miniproject/service/plant_condition/plant_Condition_service.go:42.16,44.3 1 0
miniproject/service/plant_condition/plant_Condition_service.go:45.2,45.23 1 0
miniproject/service/plant_condition/plant_Condition_service.go:48.136,50.16 2 0
miniproject/service/plant_condition/plant_Condition_service.go:50.16,52.3 1 0
miniproject/service/plant_condition/plant_Condition_service.go:53.2,53.19 1 0
miniproject/service/plant_condition/plant_Condition_service.go:56.132,58.16 2 0
miniproject/service/plant_condition/plant_Condition_service.go:58.16,60.3 1 0
miniproject/service/plant_condition/plant_Condition_service.go:61.2,61.19 1 0
miniproject/service/plant_condition/plant_Condition_service.go:64.105,66.16 2 0
miniproject/service/plant_condition/plant_Condition_service.go:66.16,68.3 1 0
miniproject/service/plant_condition/plant_Condition_service.go:69.2,69.12 1 0
miniproject/service/plant_condition/plant_Condition_service.go:72.117,74.16 2 0
miniproject/service/plant_condition/plant_Condition_service.go:74.16,76.3 1 0
miniproject/service/plant_condition/plant_Condition_service.go:77.2,77.19 1 0
miniproject/service/plant_condition/plant_Condition_service.go:80.92,82.16 2 0
miniproject/service/plant_condition/plant_Condition_service.go:82.16,84.3 1 0
miniproject/service/plant_condition/plant_Condition_service.go:85.2,85.12 1 0
miniproject/service/plant_condition/plant_Condition_service.go:88.107,90.16 2 0
miniproject/service/plant_condition/plant_Condition_service.go:90.16,92.3 1 0
miniproject/service/plant_condition/plant_Condition_service.go:93.2,93.23 1 0
miniproject/service/plant_condition/plant_Condition_service.go:96.156,100.38 3 0
miniproject/service/plant_condition/plant_Condition_service.go:100.38,114.3 2 0
miniproject/service/plant_condition/plant_Condition_service.go:117.2,118.27 2 0
miniproject/service/plant_condition/plant_Condition_service.go:118.27,123.3 1 0
miniproject/service/plant_condition/plant_Condition_service.go:125.2,125.20 1 0
miniproject/service/plant_condition/plant_Condition_service.go:128.98,130.2 1 0
miniproject/middleware/jwt.go:19.64,29.16 4 0
miniproject/middleware/jwt.go:29.16,31.3 1 0
miniproject/middleware/jwt.go:32.2,32.15 1 0
miniproject/middleware/jwt.go:35.74,36.36 1 0
miniproject/middleware/jwt.go:36.36,38.10 2 0
miniproject/middleware/jwt.go:38.10,40.4 1 0
miniproject/middleware/jwt.go:43.3,44.30 2 0
miniproject/middleware/jwt.go:44.30,46.4 1 0
miniproject/middleware/jwt.go:49.3,50.10 2 0
miniproject/middleware/jwt.go:50.10,52.4 1 0
miniproject/middleware/jwt.go:53.3,55.17 2 0
miniproject/repo/auth/auth_repo.go:9.41,13.2 1 0
miniproject/repo/auth/auth_repo.go:19.75,22.25 3 0
miniproject/repo/auth/auth_repo.go:22.25,24.3 1 0
miniproject/repo/auth/auth_repo.go:25.2,25.33 1 0
miniproject/repo/auth/auth_repo.go:28.78,31.25 3 0
miniproject/repo/auth/auth_repo.go:31.25,33.3 1 0
miniproject/repo/auth/auth_repo.go:34.2,34.33 1 0
miniproject/repo/auth/auth_repo.go:37.83,38.78 1 0
miniproject/repo/auth/auth_repo.go:38.78,40.3 1 0
miniproject/repo/auth/auth_repo.go:41.2,41.12 1 0
miniproject/repo/auth/auth_repo.go:44.71,47.16 3 0
miniproject/repo/auth/auth_repo.go:47.16,49.3 1 0
miniproject/repo/auth/auth_repo.go:50.2,50.18 1 0
miniproject/repo/auth/record.go:14.45,21.2 1 0
miniproject/repo/auth/record.go:23.45,30.2 1 0
miniproject/repo/auth/record.go:32.55,38.2 1 0
miniproject/service/auth/auth_service.go:12.89,17.2 1 1
miniproject/service/auth/auth_service.go:24.81,25.22 1 1
miniproject/service/auth/auth_service.go:25.22,27.3 1 1
miniproject/service/auth/auth_service.go:27.8,27.32 1 1
miniproject/service/auth/auth_service.go:27.32,29.3 1 1
miniproject/service/auth/auth_service.go:31.2,34.16 3 1
miniproject/service/auth/auth_service.go:34.16,36.3 1 0
miniproject/service/auth/auth_service.go:38.2,39.12 2 1
miniproject/service/auth/auth_service.go:39.12,41.3 1 1
miniproject/service/auth/auth_service.go:43.2,44.16 2 1
miniproject/service/auth/auth_service.go:44.16,46.3 1 0
miniproject/service/auth/auth_service.go:48.2,49.18 2 1
miniproject/service/auth/auth_service.go:51.84,52.22 1 0
miniproject/service/auth/auth_service.go:52.22,54.3 1 0
miniproject/service/auth/auth_service.go:54.8,54.32 1 0
miniproject/service/auth/auth_service.go:54.32,56.3 1 0
miniproject/service/auth/auth_service.go:58.2,61.16 4 0
miniproject/service/auth/auth_service.go:61.16,63.3 1 0
miniproject/service/auth/auth_service.go:64.2,64.18 1 0
miniproject/service/auth/auth_service.go:67.83,70.16 3 0
miniproject/service/auth/auth_service.go:70.16,72.3 1 0
miniproject/service/auth/auth_service.go:73.2,73.19 1 0
miniproject/service/auth/auth_service.go:77.80,79.16 2 0
miniproject/service/auth/auth_service.go:79.16,81.3 1 0
miniproject/service/auth/auth_service.go:82.2,82.18 1 0
miniproject/service/auth/auth_service.go:85.52,88.2 2 1
miniproject/service/auth/auth_service.go:90.52,93.2 2 1
miniproject/service/auth/auth_service.go:95.24,97.16 2 1
miniproject/service/auth/auth_service.go:97.16,99.3 1 1
miniproject/service/auth/auth_service.go:100.2,100.15 1 1
